Log file produced by: Storyboard Pro (StoryboardPro.exe) version 20.10.0 build 16510 2020-11-22 17:46:00
﻿2023-02-18 16:44:26;ACTION;begin accum Drawing Tool (CO_CommandManager.cpp,240)
﻿2023-02-18 16:44:26;ACTION;end accum (CO_CommandManager.cpp,454)
﻿2023-02-18 16:44:26;ACTION;begin accum  (CO_CommandManager.cpp,240)
﻿2023-02-18 16:44:26;ACTION;end accum (CO_CommandManager.cpp,454)
﻿2023-02-18 16:44:26;ACTION;end accum (CO_CommandManager.cpp,454)
﻿2023-02-18 16:44:27;ACTION;begin accum Drawing Tool (CO_CommandManager.cpp,240)
﻿2023-02-18 16:44:27;ACTION;end accum (CO_CommandManager.cpp,454)
﻿2023-02-18 16:44:27;ACTION;begin accum  (CO_CommandManager.cpp,240)
﻿2023-02-18 16:44:27;ACTION;end accum (CO_CommandManager.cpp,454)
﻿2023-02-18 16:44:27;ACTION;end accum (CO_CommandManager.cpp,454)
﻿2023-02-18 16:44:27;ACTION;begin accum Drawing Tool (CO_CommandManager.cpp,240)
﻿2023-02-18 16:44:27;ACTION;end accum (CO_CommandManager.cpp,454)
﻿2023-02-18 16:44:27;ACTION;begin accum  (CO_CommandManager.cpp,240)
﻿2023-02-18 16:44:27;ACTION;end accum (CO_CommandManager.cpp,454)
﻿2023-02-18 16:44:27;ACTION;end accum (CO_CommandManager.cpp,454)
﻿2023-02-18 16:44:28;ACTION;begin accum Drawing Tool (CO_CommandManager.cpp,240)
﻿2023-02-18 16:44:28;ACTION;end accum (CO_CommandManager.cpp,454)
﻿2023-02-18 16:44:28;ACTION;begin accum  (CO_CommandManager.cpp,240)
﻿2023-02-18 16:44:28;ACTION;end accum (CO_CommandManager.cpp,454)
﻿2023-02-18 16:44:28;ACTION;end accum (CO_CommandManager.cpp,454)
﻿2023-02-18 16:44:28;ACTION;begin accum Drawing Tool (CO_CommandManager.cpp,240)
﻿2023-02-18 16:44:28;ACTION;end accum (CO_CommandManager.cpp,454)
﻿2023-02-18 16:44:28;ACTION;begin accum  (CO_CommandManager.cpp,240)
﻿2023-02-18 16:44:28;ACTION;end accum (CO_CommandManager.cpp,454)
﻿2023-02-18 16:44:28;ACTION;end accum (CO_CommandManager.cpp,454)
﻿2023-02-18 16:44:29;ACTION;begin accum Drawing Tool (CO_CommandManager.cpp,240)
﻿2023-02-18 16:44:29;ACTION;end accum (CO_CommandManager.cpp,454)
﻿2023-02-18 16:44:29;ACTION;begin accum  (CO_CommandManager.cpp,240)
﻿2023-02-18 16:44:29;ACTION;end accum (CO_CommandManager.cpp,454)
﻿2023-02-18 16:44:29;ACTION;end accum (CO_CommandManager.cpp,454)
﻿2023-02-18 16:44:29;ACTION;begin accum Drawing Tool (CO_CommandManager.cpp,240)
﻿2023-02-18 16:44:29;ACTION;end accum (CO_CommandManager.cpp,454)
﻿2023-02-18 16:44:29;ACTION;begin accum  (CO_CommandManager.cpp,240)
﻿2023-02-18 16:44:29;ACTION;end accum (CO_CommandManager.cpp,454)
﻿2023-02-18 16:44:29;ACTION;end accum (CO_CommandManager.cpp,454)
﻿2023-02-18 16:44:31;ACTION;begin accum Drawing Tool (CO_CommandManager.cpp,240)
﻿2023-02-18 16:44:31;ACTION;end accum (CO_CommandManager.cpp,454)
﻿2023-02-18 16:44:31;ACTION;begin accum  (CO_CommandManager.cpp,240)
﻿2023-02-18 16:44:31;ACTION;end accum (CO_CommandManager.cpp,454)
﻿2023-02-18 16:44:31;ACTION;end accum (CO_CommandManager.cpp,454)
﻿2023-02-18 16:44:31;ACTION;begin accum Drawing Tool (CO_CommandManager.cpp,240)
﻿2023-02-18 16:44:31;ACTION;end accum (CO_CommandManager.cpp,454)
﻿2023-02-18 16:44:31;ACTION;begin accum  (CO_CommandManager.cpp,240)
﻿2023-02-18 16:44:31;ACTION;end accum (CO_CommandManager.cpp,454)
﻿2023-02-18 16:44:31;ACTION;end accum (CO_CommandManager.cpp,454)
﻿2023-02-18 16:44:32;ACTION;Start unexecute depth 1 (CO_CommandManager.cpp,712)
﻿  2023-02-18 16:44:32;ACTION;Start execute Brush Tool  (class CO_Command * __ptr64) (CO_CommandManager.cpp,726)
﻿  2023-02-18 16:44:32;ACTION;End execute Brush Tool  (class CO_Command * __ptr64) (CO_CommandManager.cpp,726)
﻿2023-02-18 16:44:32;ACTION;End unexecute depth 1 (CO_CommandManager.cpp,712)
﻿2023-02-18 16:44:32;ACTION;Start unexecute depth 1 (CO_CommandManager.cpp,712)
﻿  2023-02-18 16:44:32;ACTION;Start execute Brush Tool  (class CO_Command * __ptr64) (CO_CommandManager.cpp,726)
﻿  2023-02-18 16:44:32;ACTION;End execute Brush Tool  (class CO_Command * __ptr64) (CO_CommandManager.cpp,726)
﻿2023-02-18 16:44:32;ACTION;End unexecute depth 1 (CO_CommandManager.cpp,712)
﻿2023-02-18 16:44:34;ACTION;begin accum Drawing Tool (CO_CommandManager.cpp,240)
﻿2023-02-18 16:44:34;ACTION;end accum (CO_CommandManager.cpp,454)
﻿2023-02-18 16:44:34;ACTION;begin accum  (CO_CommandManager.cpp,240)
﻿2023-02-18 16:44:34;ACTION;end accum (CO_CommandManager.cpp,454)
﻿2023-02-18 16:44:34;ACTION;end accum (CO_CommandManager.cpp,454)
﻿2023-02-18 16:44:34;ACTION;begin accum Drawing Tool (CO_CommandManager.cpp,240)
﻿2023-02-18 16:44:34;ACTION;end accum (CO_CommandManager.cpp,454)
﻿2023-02-18 16:44:34;ACTION;begin accum  (CO_CommandManager.cpp,240)
﻿2023-02-18 16:44:34;ACTION;end accum (CO_CommandManager.cpp,454)
﻿2023-02-18 16:44:34;ACTION;end accum (CO_CommandManager.cpp,454)
﻿2023-02-18 16:44:35;ACTION;begin accum Drawing Tool (CO_CommandManager.cpp,240)
﻿2023-02-18 16:44:35;ACTION;end accum (CO_CommandManager.cpp,454)
﻿2023-02-18 16:44:35;ACTION;begin accum  (CO_CommandManager.cpp,240)
﻿2023-02-18 16:44:35;ACTION;end accum (CO_CommandManager.cpp,454)
﻿2023-02-18 16:44:35;ACTION;end accum (CO_CommandManager.cpp,454)
﻿2023-02-18 16:44:35;ACTION;begin accum Drawing Tool (CO_CommandManager.cpp,240)
﻿2023-02-18 16:44:35;ACTION;end accum (CO_CommandManager.cpp,454)
﻿2023-02-18 16:44:35;ACTION;begin accum  (CO_CommandManager.cpp,240)
﻿2023-02-18 16:44:35;ACTION;end accum (CO_CommandManager.cpp,454)
﻿2023-02-18 16:44:35;ACTION;end accum (CO_CommandManager.cpp,454)
﻿2023-02-18 16:44:36;ACTION;begin accum Drawing Tool (CO_CommandManager.cpp,240)
﻿2023-02-18 16:44:36;ACTION;end accum (CO_CommandManager.cpp,454)
﻿2023-02-18 16:44:36;ACTION;begin accum  (CO_CommandManager.cpp,240)
﻿2023-02-18 16:44:36;ACTION;end accum (CO_CommandManager.cpp,454)
﻿2023-02-18 16:44:36;ACTION;end accum (CO_CommandManager.cpp,454)
﻿2023-02-18 16:44:36;ACTION;begin accum Drawing Tool (CO_CommandManager.cpp,240)
﻿2023-02-18 16:44:36;ACTION;end accum (CO_CommandManager.cpp,454)
﻿2023-02-18 16:44:36;ACTION;begin accum  (CO_CommandManager.cpp,240)
﻿2023-02-18 16:44:36;ACTION;end accum (CO_CommandManager.cpp,454)
﻿2023-02-18 16:44:36;ACTION;end accum (CO_CommandManager.cpp,454)
﻿2023-02-18 16:44:36;ACTION;begin accum Drawing Tool (CO_CommandManager.cpp,240)
﻿2023-02-18 16:44:36;ACTION;end accum (CO_CommandManager.cpp,454)
﻿2023-02-18 16:44:36;ACTION;begin accum  (CO_CommandManager.cpp,240)
﻿2023-02-18 16:44:36;ACTION;end accum (CO_CommandManager.cpp,454)
﻿2023-02-18 16:44:36;ACTION;end accum (CO_CommandManager.cpp,454)
﻿2023-02-18 16:44:37;ACTION;begin accum Drawing Tool (CO_CommandManager.cpp,240)
﻿2023-02-18 16:44:37;ACTION;end accum (CO_CommandManager.cpp,454)
﻿2023-02-18 16:44:37;ACTION;begin accum  (CO_CommandManager.cpp,240)
﻿2023-02-18 16:44:37;ACTION;end accum (CO_CommandManager.cpp,454)
﻿2023-02-18 16:44:37;ACTION;end accum (CO_CommandManager.cpp,454)
﻿2023-02-18 16:44:37;ACTION;begin accum Drawing Tool (CO_CommandManager.cpp,240)
﻿2023-02-18 16:44:37;ACTION;end accum (CO_CommandManager.cpp,454)
﻿2023-02-18 16:44:37;ACTION;begin accum  (CO_CommandManager.cpp,240)
﻿2023-02-18 16:44:37;ACTION;end accum (CO_CommandManager.cpp,454)
﻿2023-02-18 16:44:37;ACTION;end accum (CO_CommandManager.cpp,454)
﻿2023-02-18 16:44:37;ACTION;begin accum Drawing Tool (CO_CommandManager.cpp,240)
﻿2023-02-18 16:44:37;ACTION;end accum (CO_CommandManager.cpp,454)
﻿2023-02-18 16:44:37;ACTION;begin accum  (CO_CommandManager.cpp,240)
﻿2023-02-18 16:44:37;ACTION;end accum (CO_CommandManager.cpp,454)
﻿2023-02-18 16:44:37;ACTION;end accum (CO_CommandManager.cpp,454)
﻿2023-02-18 16:44:38;ACTION;begin accum Drawing Tool (CO_CommandManager.cpp,240)
﻿2023-02-18 16:44:38;ACTION;end accum (CO_CommandManager.cpp,454)
﻿2023-02-18 16:44:38;ACTION;begin accum  (CO_CommandManager.cpp,240)
﻿2023-02-18 16:44:38;ACTION;end accum (CO_CommandManager.cpp,454)
﻿2023-02-18 16:44:38;ACTION;end accum (CO_CommandManager.cpp,454)
﻿2023-02-18 16:44:38;ACTION;begin accum Drawing Tool (CO_CommandManager.cpp,240)
﻿2023-02-18 16:44:38;ACTION;end accum (CO_CommandManager.cpp,454)
﻿2023-02-18 16:44:38;ACTION;begin accum  (CO_CommandManager.cpp,240)
﻿2023-02-18 16:44:38;ACTION;end accum (CO_CommandManager.cpp,454)
﻿2023-02-18 16:44:38;ACTION;end accum (CO_CommandManager.cpp,454)
﻿2023-02-18 16:44:39;ACTION;begin accum Drawing Tool (CO_CommandManager.cpp,240)
﻿2023-02-18 16:44:39;ACTION;end accum (CO_CommandManager.cpp,454)
﻿2023-02-18 16:44:39;ACTION;begin accum  (CO_CommandManager.cpp,240)
﻿2023-02-18 16:44:39;ACTION;end accum (CO_CommandManager.cpp,454)
﻿2023-02-18 16:44:39;ACTION;end accum (CO_CommandManager.cpp,454)
﻿2023-02-18 16:44:39;ACTION;begin accum Drawing Tool (CO_CommandManager.cpp,240)
﻿2023-02-18 16:44:39;ACTION;end accum (CO_CommandManager.cpp,454)
﻿2023-02-18 16:44:39;ACTION;begin accum  (CO_CommandManager.cpp,240)
﻿2023-02-18 16:44:39;ACTION;end accum (CO_CommandManager.cpp,454)
﻿2023-02-18 16:44:39;ACTION;end accum (CO_CommandManager.cpp,454)
﻿2023-02-18 16:44:39;ACTION;begin accum Drawing Tool (CO_CommandManager.cpp,240)
﻿2023-02-18 16:44:39;ACTION;end accum (CO_CommandManager.cpp,454)
﻿2023-02-18 16:44:39;ACTION;begin accum  (CO_CommandManager.cpp,240)
﻿2023-02-18 16:44:39;ACTION;end accum (CO_CommandManager.cpp,454)
﻿2023-02-18 16:44:39;ACTION;end accum (CO_CommandManager.cpp,454)
﻿2023-02-18 16:44:45;ACTION;Start Saving project
﻿  2023-02-18 16:44:45;ACTION;Start isSaveProjectPossible (SC_SaveUtil.cpp,225)
﻿    2023-02-18 16:44:45;Create;C:/Users/danie/Desktop/Projects/2. 2D Games/5. Space Monkey/Concept/Concept.sboard+; OK 
﻿    2023-02-18 16:44:45;Delete;C:/Users/danie/Desktop/Projects/2. 2D Games/5. Space Monkey/Concept/Concept.sboard+; OK 
﻿  2023-02-18 16:44:45;ACTION;End isSaveProjectPossible (SC_SaveUtil.cpp,225)
﻿  2023-02-18 16:44:45;ACTION;Start isSaveProjectPossible (SC_SaveUtil.cpp,225)
﻿    2023-02-18 16:44:45;Create;C:/Users/danie/Desktop/Projects/2. 2D Games/5. Space Monkey/Concept/Concept.sboard+; OK 
﻿    2023-02-18 16:44:45;Delete;C:/Users/danie/Desktop/Projects/2. 2D Games/5. Space Monkey/Concept/Concept.sboard+; OK 
﻿  2023-02-18 16:44:45;ACTION;End isSaveProjectPossible (SC_SaveUtil.cpp,225)
﻿  2023-02-18 16:44:45;ACTION;Start TUElementMgr::writeToVersionAuxFile (tuelementmgr.cpp,1978)
﻿    2023-02-18 16:44:45;Create;C:/Users/danie/Desktop/Projects/2. 2D Games/5. Space Monkey/Concept/scene.elementTable; OK 
﻿  2023-02-18 16:44:45;ACTION;End TUElementMgr::writeToVersionAuxFile (tuelementmgr.cpp,1978)
﻿  2023-02-18 16:44:45;ACTION;Start saveDrawings - delete drawings (tudrawinglist.cpp,692)
﻿  2023-02-18 16:44:45;ACTION;End saveDrawings - delete drawings (tudrawinglist.cpp,692)
﻿  2023-02-18 16:44:45;ACTION;Start saveDrawings - rename to temp name (tudrawinglist.cpp,726)
﻿  2023-02-18 16:44:45;ACTION;End saveDrawings - rename to temp name (tudrawinglist.cpp,726)
﻿  2023-02-18 16:44:45;ACTION;Start saveDrawings - rename to final name (tudrawinglist.cpp,754)
﻿  2023-02-18 16:44:45;ACTION;End saveDrawings - rename to final name (tudrawinglist.cpp,754)
﻿  2023-02-18 16:44:45;ACTION;Start saveDrawings - copy all drawings from temp to project (tudrawinglist.cpp,792)
﻿  2023-02-18 16:44:45;ACTION;End saveDrawings - copy all drawings from temp to project (tudrawinglist.cpp,792)
﻿  2023-02-18 16:44:45;ACTION;Start saveDrawings - save all modified drawings in memory (tudrawinglist.cpp,850)
﻿    2023-02-18 16:44:45;Create;C:/Users/danie/Desktop/Projects/2. 2D Games/5. Space Monkey/Concept/elements/Draw/Draw-3.tvg+; OK 
﻿    2023-02-18 16:44:45;Delete;C:/Users/danie/Desktop/Projects/2. 2D Games/5. Space Monkey/Concept/elements/Draw/Draw-3.tvg~; OK 
﻿    2023-02-18 16:44:45;Rename;C:/Users/danie/Desktop/Projects/2. 2D Games/5. Space Monkey/Concept/elements/Draw/Draw-3.tvg;Draw-3.tvg~ OK 
﻿    2023-02-18 16:44:45;Rename;C:/Users/danie/Desktop/Projects/2. 2D Games/5. Space Monkey/Concept/elements/Draw/Draw-3.tvg+;Draw-3.tvg OK 
﻿  2023-02-18 16:44:45;ACTION;End saveDrawings - save all modified drawings in memory (tudrawinglist.cpp,850)
﻿  2023-02-18 16:44:45;ACTION;Start saveProject (SC_SaveUtil.cpp,380)
﻿    2023-02-18 16:44:45;Create;C:/Users/danie/Desktop/Projects/2. 2D Games/5. Space Monkey/Concept/Concept.sboard+; OK 
﻿    2023-02-18 16:44:45;Rename;C:/Users/danie/Desktop/Projects/2. 2D Games/5. Space Monkey/Concept/Concept.sboard;C:/Users/danie/Desktop/Projects/2. 2D Games/5. Space Monkey/Concept/Concept.sboard~ OK 
﻿    2023-02-18 16:44:45;Rename;C:/Users/danie/Desktop/Projects/2. 2D Games/5. Space Monkey/Concept/Concept.sboard+;C:/Users/danie/Desktop/Projects/2. 2D Games/5. Space Monkey/Concept/Concept.sboard OK 
﻿    2023-02-18 16:44:45;ACTION;Start writeToVersionAuxFile (tuelementmgr.cpp,2434)
﻿      2023-02-18 16:44:45;ACTION;Start writeToVersionAuxFile (EM_XMLFileIO.cpp,307)
﻿        2023-02-18 16:44:45;Rename;C:/Users/danie/Desktop/Projects/2. 2D Games/5. Space Monkey/Concept/Concept.aux;C:/Users/danie/Desktop/Projects/2. 2D Games/5. Space Monkey/Concept/Concept.aux~ OK 
﻿        2023-02-18 16:44:45;Rename;C:/Users/danie/Desktop/Projects/2. 2D Games/5. Space Monkey/Concept/Concept.aux+;C:/Users/danie/Desktop/Projects/2. 2D Games/5. Space Monkey/Concept/Concept.aux OK 
﻿      2023-02-18 16:44:45;ACTION;End writeToVersionAuxFile (EM_XMLFileIO.cpp,307)
﻿    2023-02-18 16:44:45;ACTION;End writeToVersionAuxFile (tuelementmgr.cpp,2434)
﻿  2023-02-18 16:44:45;ACTION;End saveProject (SC_SaveUtil.cpp,380)
﻿  2023-02-18 16:44:45;ACTION;Start writeToDrawingVersionAuxFile (EM_XMLFileIO.cpp,454)
﻿  2023-02-18 16:44:45;ACTION;End writeToDrawingVersionAuxFile (EM_XMLFileIO.cpp,454)
﻿  2023-02-18 16:44:45;Create;C:/Users/danie/Desktop/Projects/2. 2D Games/5. Space Monkey/Concept/Concept.sboard.thumbnails; OK 
﻿2023-02-18 16:44:45;ACTION;End Saving project
﻿2023-02-18 16:45:11;ACTION;begin accum Add Key Frame (CO_CommandManager.cpp,240)
﻿2023-02-18 16:45:11;ACTION;end accum (CO_CommandManager.cpp,454)
﻿2023-02-18 16:45:11;ACTION;end accum (CO_CommandManager.cpp,454)
﻿2023-02-18 16:45:14;ACTION;begin accum Add Key Frame (CO_CommandManager.cpp,240)
﻿2023-02-18 16:45:14;ACTION;end accum (CO_CommandManager.cpp,454)
﻿2023-02-18 16:45:14;ACTION;end accum (CO_CommandManager.cpp,454)
﻿2023-02-18 16:45:20;ACTION;begin accum Modify Camera (CO_CommandManager.cpp,240)
﻿2023-02-18 16:45:20;ACTION;end accum (CO_CommandManager.cpp,454)
﻿2023-02-18 16:45:20;ACTION;end accum (CO_CommandManager.cpp,454)
﻿2023-02-18 16:45:23;ACTION;begin accum Modify Camera (CO_CommandManager.cpp,240)
﻿2023-02-18 16:45:23;ACTION;end accum (CO_CommandManager.cpp,454)
﻿2023-02-18 16:45:26;ACTION;begin accum Modify Camera (CO_CommandManager.cpp,240)
﻿2023-02-18 16:45:26;ACTION;end accum (CO_CommandManager.cpp,454)
﻿2023-02-18 16:45:26;ACTION;end accum (CO_CommandManager.cpp,454)
﻿2023-02-18 16:45:29;ACTION;begin accum Modify Camera (CO_CommandManager.cpp,240)
﻿2023-02-18 16:45:29;ACTION;end accum (CO_CommandManager.cpp,454)
﻿2023-02-18 16:45:29;ACTION;end accum (CO_CommandManager.cpp,454)
﻿2023-02-18 16:45:31;ACTION;begin accum Modify Camera (CO_CommandManager.cpp,240)
﻿2023-02-18 16:45:31;ACTION;end accum (CO_CommandManager.cpp,454)
﻿2023-02-18 16:45:31;ACTION;end accum (CO_CommandManager.cpp,454)
﻿2023-02-18 16:45:36;ACTION;begin accum Add Panel (CO_CommandManager.cpp,240)
﻿2023-02-18 16:45:36;ACTION;end accum (CO_CommandManager.cpp,454)
﻿2023-02-18 16:45:36;ACTION;end accum (CO_CommandManager.cpp,454)
﻿2023-02-18 16:45:36;ACTION;end accum (CO_CommandManager.cpp,454)
﻿2023-02-18 16:45:36;ACTION;end accum (CO_CommandManager.cpp,454)
﻿2023-02-18 16:45:40;ACTION;begin accum Modify Panel Duration (CO_CommandManager.cpp,240)
﻿2023-02-18 16:45:40;ACTION;end accum (CO_CommandManager.cpp,454)
﻿2023-02-18 16:45:40;ACTION;end accum (CO_CommandManager.cpp,454)
﻿2023-02-18 16:45:40;ACTION;end accum (CO_CommandManager.cpp,454)
﻿2023-02-18 16:45:40;ACTION;end accum (CO_CommandManager.cpp,454)
﻿2023-02-18 16:45:40;ACTION;end accum (CO_CommandManager.cpp,454)
﻿2023-02-18 16:45:40;ACTION;end accum (CO_CommandManager.cpp,454)
﻿2023-02-18 16:45:46;ACTION;begin accum Remove Selected Layers (CO_CommandManager.cpp,240)
﻿2023-02-18 16:45:46;ACTION;end accum (CO_CommandManager.cpp,454)
﻿2023-02-18 16:45:46;ACTION;end accum (CO_CommandManager.cpp,454)
﻿2023-02-18 16:45:46;ACTION;end accum (CO_CommandManager.cpp,454)
﻿2023-02-18 16:45:46;ACTION;end accum (CO_CommandManager.cpp,454)
﻿2023-02-18 16:45:46;ACTION;end accum (CO_CommandManager.cpp,454)
﻿2023-02-18 16:45:46;ACTION;end accum (CO_CommandManager.cpp,454)
﻿2023-02-18 16:45:46;ACTION;end accum (CO_CommandManager.cpp,454)
﻿2023-02-18 16:45:46;ACTION;end accum (CO_CommandManager.cpp,454)
﻿2023-02-18 16:45:46;ACTION;end accum (CO_CommandManager.cpp,454)
﻿2023-02-18 16:45:46;ACTION;end accum (CO_CommandManager.cpp,454)
﻿2023-02-18 16:45:46;ACTION;end accum (CO_CommandManager.cpp,454)
﻿2023-02-18 16:46:06;ACTION;begin accum Create Drawing (CO_CommandManager.cpp,240)
﻿2023-02-18 16:46:06;ACTION;end accum (CO_CommandManager.cpp,454)
﻿2023-02-18 16:46:06;ACTION;end accum (CO_CommandManager.cpp,454)
﻿2023-02-18 16:46:06;ACTION;end accum (CO_CommandManager.cpp,454)
﻿2023-02-18 16:46:12;ACTION;begin accum Repaint Selection (CO_CommandManager.cpp,240)
﻿2023-02-18 16:46:12;ACTION;end accum (CO_CommandManager.cpp,454)
﻿2023-02-18 16:46:12;ACTION;end accum (CO_CommandManager.cpp,454)
﻿2023-02-18 16:46:12;ACTION;end accum (CO_CommandManager.cpp,454)
﻿2023-02-18 16:46:19;ACTION;begin accum Drawing Tool (CO_CommandManager.cpp,240)
﻿2023-02-18 16:46:19;ACTION;end accum (CO_CommandManager.cpp,454)
﻿2023-02-18 16:46:19;ACTION;begin accum  (CO_CommandManager.cpp,240)
﻿2023-02-18 16:46:19;ACTION;end accum (CO_CommandManager.cpp,454)
﻿2023-02-18 16:46:19;ACTION;end accum (CO_CommandManager.cpp,454)
﻿2023-02-18 16:46:20;ACTION;begin accum Drawing Tool (CO_CommandManager.cpp,240)
﻿2023-02-18 16:46:20;ACTION;end accum (CO_CommandManager.cpp,454)
﻿2023-02-18 16:46:20;ACTION;begin accum  (CO_CommandManager.cpp,240)
﻿2023-02-18 16:46:20;ACTION;end accum (CO_CommandManager.cpp,454)
﻿2023-02-18 16:46:20;ACTION;end accum (CO_CommandManager.cpp,454)
﻿2023-02-18 16:46:21;ACTION;begin accum Drawing Tool (CO_CommandManager.cpp,240)
﻿2023-02-18 16:46:21;ACTION;end accum (CO_CommandManager.cpp,454)
﻿2023-02-18 16:46:21;ACTION;begin accum  (CO_CommandManager.cpp,240)
﻿2023-02-18 16:46:21;ACTION;end accum (CO_CommandManager.cpp,454)
﻿2023-02-18 16:46:21;ACTION;end accum (CO_CommandManager.cpp,454)
﻿2023-02-18 16:46:21;ACTION;begin accum Drawing Tool (CO_CommandManager.cpp,240)
﻿2023-02-18 16:46:21;ACTION;end accum (CO_CommandManager.cpp,454)
﻿2023-02-18 16:46:21;ACTION;begin accum  (CO_CommandManager.cpp,240)
﻿2023-02-18 16:46:21;ACTION;end accum (CO_CommandManager.cpp,454)
﻿2023-02-18 16:46:21;ACTION;end accum (CO_CommandManager.cpp,454)
﻿2023-02-18 16:46:22;ACTION;begin accum Drawing Tool (CO_CommandManager.cpp,240)
﻿2023-02-18 16:46:22;ACTION;end accum (CO_CommandManager.cpp,454)
﻿2023-02-18 16:46:22;ACTION;begin accum  (CO_CommandManager.cpp,240)
﻿2023-02-18 16:46:22;ACTION;end accum (CO_CommandManager.cpp,454)
﻿2023-02-18 16:46:22;ACTION;end accum (CO_CommandManager.cpp,454)
﻿2023-02-18 16:46:22;ACTION;begin accum Drawing Tool (CO_CommandManager.cpp,240)
﻿2023-02-18 16:46:22;ACTION;end accum (CO_CommandManager.cpp,454)
﻿2023-02-18 16:46:22;ACTION;begin accum  (CO_CommandManager.cpp,240)
﻿2023-02-18 16:46:22;ACTION;end accum (CO_CommandManager.cpp,454)
﻿2023-02-18 16:46:22;ACTION;end accum (CO_CommandManager.cpp,454)
﻿2023-02-18 16:46:23;ACTION;begin accum Drawing Tool (CO_CommandManager.cpp,240)
﻿2023-02-18 16:46:23;ACTION;end accum (CO_CommandManager.cpp,454)
﻿2023-02-18 16:46:23;ACTION;begin accum  (CO_CommandManager.cpp,240)
﻿2023-02-18 16:46:23;ACTION;end accum (CO_CommandManager.cpp,454)
﻿2023-02-18 16:46:23;ACTION;end accum (CO_CommandManager.cpp,454)
﻿2023-02-18 16:46:23;ACTION;begin accum Drawing Tool (CO_CommandManager.cpp,240)
﻿2023-02-18 16:46:23;ACTION;end accum (CO_CommandManager.cpp,454)
﻿2023-02-18 16:46:23;ACTION;begin accum  (CO_CommandManager.cpp,240)
﻿2023-02-18 16:46:23;ACTION;end accum (CO_CommandManager.cpp,454)
﻿2023-02-18 16:46:23;ACTION;end accum (CO_CommandManager.cpp,454)
﻿2023-02-18 16:46:24;ACTION;begin accum Drawing Tool (CO_CommandManager.cpp,240)
﻿2023-02-18 16:46:24;ACTION;end accum (CO_CommandManager.cpp,454)
﻿2023-02-18 16:46:24;ACTION;begin accum  (CO_CommandManager.cpp,240)
﻿2023-02-18 16:46:24;ACTION;end accum (CO_CommandManager.cpp,454)
﻿2023-02-18 16:46:24;ACTION;end accum (CO_CommandManager.cpp,454)
﻿2023-02-18 16:46:25;ACTION;begin accum Drawing Tool (CO_CommandManager.cpp,240)
﻿2023-02-18 16:46:25;ACTION;end accum (CO_CommandManager.cpp,454)
﻿2023-02-18 16:46:25;ACTION;begin accum  (CO_CommandManager.cpp,240)
﻿2023-02-18 16:46:25;ACTION;end accum (CO_CommandManager.cpp,454)
﻿2023-02-18 16:46:25;ACTION;end accum (CO_CommandManager.cpp,454)
﻿2023-02-18 16:46:25;ACTION;begin accum Drawing Tool (CO_CommandManager.cpp,240)
﻿2023-02-18 16:46:25;ACTION;end accum (CO_CommandManager.cpp,454)
﻿2023-02-18 16:46:25;ACTION;begin accum  (CO_CommandManager.cpp,240)
﻿2023-02-18 16:46:25;ACTION;end accum (CO_CommandManager.cpp,454)
﻿2023-02-18 16:46:25;ACTION;end accum (CO_CommandManager.cpp,454)
﻿2023-02-18 16:46:25;ACTION;begin accum Drawing Tool (CO_CommandManager.cpp,240)
﻿2023-02-18 16:46:25;ACTION;end accum (CO_CommandManager.cpp,454)
﻿2023-02-18 16:46:25;ACTION;begin accum  (CO_CommandManager.cpp,240)
﻿2023-02-18 16:46:25;ACTION;end accum (CO_CommandManager.cpp,454)
﻿2023-02-18 16:46:25;ACTION;end accum (CO_CommandManager.cpp,454)
﻿2023-02-18 16:46:26;ACTION;begin accum Drawing Tool (CO_CommandManager.cpp,240)
﻿2023-02-18 16:46:26;ACTION;end accum (CO_CommandManager.cpp,454)
﻿2023-02-18 16:46:26;ACTION;begin accum  (CO_CommandManager.cpp,240)
﻿2023-02-18 16:46:26;ACTION;end accum (CO_CommandManager.cpp,454)
﻿2023-02-18 16:46:26;ACTION;end accum (CO_CommandManager.cpp,454)
﻿2023-02-18 16:46:27;ACTION;begin accum Drawing Tool (CO_CommandManager.cpp,240)
﻿2023-02-18 16:46:27;ACTION;end accum (CO_CommandManager.cpp,454)
﻿2023-02-18 16:46:27;ACTION;begin accum  (CO_CommandManager.cpp,240)
﻿2023-02-18 16:46:27;ACTION;end accum (CO_CommandManager.cpp,454)
﻿2023-02-18 16:46:27;ACTION;end accum (CO_CommandManager.cpp,454)
﻿2023-02-18 16:46:27;ACTION;begin accum Drawing Tool (CO_CommandManager.cpp,240)
﻿2023-02-18 16:46:27;ACTION;end accum (CO_CommandManager.cpp,454)
﻿2023-02-18 16:46:27;ACTION;begin accum  (CO_CommandManager.cpp,240)
﻿2023-02-18 16:46:27;ACTION;end accum (CO_CommandManager.cpp,454)
﻿2023-02-18 16:46:27;ACTION;end accum (CO_CommandManager.cpp,454)
﻿2023-02-18 16:46:28;ACTION;begin accum Drawing Tool (CO_CommandManager.cpp,240)
﻿2023-02-18 16:46:28;ACTION;end accum (CO_CommandManager.cpp,454)
﻿2023-02-18 16:46:28;ACTION;begin accum  (CO_CommandManager.cpp,240)
﻿2023-02-18 16:46:28;ACTION;end accum (CO_CommandManager.cpp,454)
﻿2023-02-18 16:46:28;ACTION;end accum (CO_CommandManager.cpp,454)
﻿2023-02-18 16:46:29;ACTION;begin accum Drawing Tool (CO_CommandManager.cpp,240)
﻿2023-02-18 16:46:29;ACTION;end accum (CO_CommandManager.cpp,454)
﻿2023-02-18 16:46:29;ACTION;begin accum  (CO_CommandManager.cpp,240)
﻿2023-02-18 16:46:29;ACTION;end accum (CO_CommandManager.cpp,454)
﻿2023-02-18 16:46:29;ACTION;end accum (CO_CommandManager.cpp,454)
﻿2023-02-18 16:46:30;ACTION;begin accum Drawing Tool (CO_CommandManager.cpp,240)
﻿2023-02-18 16:46:30;ACTION;end accum (CO_CommandManager.cpp,454)
﻿2023-02-18 16:46:30;ACTION;begin accum  (CO_CommandManager.cpp,240)
﻿2023-02-18 16:46:30;ACTION;end accum (CO_CommandManager.cpp,454)
﻿2023-02-18 16:46:30;ACTION;end accum (CO_CommandManager.cpp,454)
﻿2023-02-18 16:46:31;ACTION;begin accum Drawing Tool (CO_CommandManager.cpp,240)
﻿2023-02-18 16:46:31;ACTION;end accum (CO_CommandManager.cpp,454)
﻿2023-02-18 16:46:31;ACTION;begin accum  (CO_CommandManager.cpp,240)
﻿2023-02-18 16:46:31;ACTION;end accum (CO_CommandManager.cpp,454)
﻿2023-02-18 16:46:31;ACTION;end accum (CO_CommandManager.cpp,454)
﻿2023-02-18 16:46:31;ACTION;begin accum Drawing Tool (CO_CommandManager.cpp,240)
﻿2023-02-18 16:46:31;ACTION;end accum (CO_CommandManager.cpp,454)
﻿2023-02-18 16:46:31;ACTION;begin accum  (CO_CommandManager.cpp,240)
﻿2023-02-18 16:46:31;ACTION;end accum (CO_CommandManager.cpp,454)
﻿2023-02-18 16:46:31;ACTION;end accum (CO_CommandManager.cpp,454)
﻿2023-02-18 16:46:38;ACTION;begin accum Paste (CO_CommandManager.cpp,240)
﻿2023-02-18 16:46:38;ACTION;end accum (CO_CommandManager.cpp,454)
﻿2023-02-18 16:46:38;ACTION;end accum (CO_CommandManager.cpp,454)
﻿2023-02-18 16:46:38;ACTION;end accum (CO_CommandManager.cpp,454)
﻿2023-02-18 16:46:38;ACTION;end accum (CO_CommandManager.cpp,454)
﻿2023-02-18 16:46:38;ACTION;end accum (CO_CommandManager.cpp,454)
﻿2023-02-18 16:46:41;ACTION;begin accum Cutter Tool (CO_CommandManager.cpp,240)
﻿2023-02-18 16:46:41;ACTION;end accum (CO_CommandManager.cpp,454)
﻿2023-02-18 16:46:41;ACTION;end accum (CO_CommandManager.cpp,454)
﻿2023-02-18 16:46:42;ACTION;begin accum Cutter Tool (CO_CommandManager.cpp,240)
﻿2023-02-18 16:46:42;ACTION;end accum (CO_CommandManager.cpp,454)
﻿2023-02-18 16:46:42;ACTION;end accum (CO_CommandManager.cpp,454)
﻿2023-02-18 16:46:43;ACTION;Start unexecute depth 1 (CO_CommandManager.cpp,712)
﻿  2023-02-18 16:46:43;ACTION;Start execute Cutter Tool  (class CO_Command * __ptr64) (CO_CommandManager.cpp,726)
﻿  2023-02-18 16:46:43;ACTION;End execute Cutter Tool  (class CO_Command * __ptr64) (CO_CommandManager.cpp,726)
﻿2023-02-18 16:46:43;ACTION;End unexecute depth 1 (CO_CommandManager.cpp,712)
﻿2023-02-18 16:46:45;ACTION;begin accum Cutter Tool (CO_CommandManager.cpp,240)
﻿2023-02-18 16:46:45;ACTION;end accum (CO_CommandManager.cpp,454)
﻿2023-02-18 16:46:45;ACTION;end accum (CO_CommandManager.cpp,454)
﻿2023-02-18 16:46:45;ACTION;begin accum Cutter Tool (CO_CommandManager.cpp,240)
﻿2023-02-18 16:46:45;ACTION;end accum (CO_CommandManager.cpp,454)
﻿2023-02-18 16:46:45;ACTION;end accum (CO_CommandManager.cpp,454)
﻿2023-02-18 16:46:47;ACTION;begin accum Paste (CO_CommandManager.cpp,240)
﻿2023-02-18 16:46:47;ACTION;end accum (CO_CommandManager.cpp,454)
﻿2023-02-18 16:46:47;ACTION;end accum (CO_CommandManager.cpp,454)
﻿2023-02-18 16:46:47;ACTION;end accum (CO_CommandManager.cpp,454)
﻿2023-02-18 16:46:47;ACTION;end accum (CO_CommandManager.cpp,454)
﻿2023-02-18 16:46:47;ACTION;end accum (CO_CommandManager.cpp,454)
﻿2023-02-18 16:46:49;ACTION;begin accum Cutter Tool (CO_CommandManager.cpp,240)
﻿2023-02-18 16:46:49;ACTION;end accum (CO_CommandManager.cpp,454)
﻿2023-02-18 16:46:49;ACTION;end accum (CO_CommandManager.cpp,454)
﻿2023-02-18 16:46:51;ACTION;begin accum Cutter Tool (CO_CommandManager.cpp,240)
﻿2023-02-18 16:46:51;ACTION;end accum (CO_CommandManager.cpp,454)
﻿2023-02-18 16:46:51;ACTION;end accum (CO_CommandManager.cpp,454)
﻿2023-02-18 16:46:52;ACTION;Start Saving project
﻿  2023-02-18 16:46:52;ACTION;Start isSaveProjectPossible (SC_SaveUtil.cpp,225)
﻿    2023-02-18 16:46:52;Create;C:/Users/danie/Desktop/Projects/2. 2D Games/5. Space Monkey/Concept/Concept.sboard+; OK 
﻿    2023-02-18 16:46:52;Delete;C:/Users/danie/Desktop/Projects/2. 2D Games/5. Space Monkey/Concept/Concept.sboard+; OK 
﻿  2023-02-18 16:46:52;ACTION;End isSaveProjectPossible (SC_SaveUtil.cpp,225)
﻿  2023-02-18 16:46:52;ACTION;Start isSaveProjectPossible (SC_SaveUtil.cpp,225)
﻿    2023-02-18 16:46:52;Create;C:/Users/danie/Desktop/Projects/2. 2D Games/5. Space Monkey/Concept/Concept.sboard+; OK 
﻿    2023-02-18 16:46:52;Delete;C:/Users/danie/Desktop/Projects/2. 2D Games/5. Space Monkey/Concept/Concept.sboard+; OK 
﻿  2023-02-18 16:46:52;ACTION;End isSaveProjectPossible (SC_SaveUtil.cpp,225)
﻿  2023-02-18 16:46:52;ACTION;Start TUElementMgr::writeToVersionAuxFile (tuelementmgr.cpp,1978)
﻿    2023-02-18 16:46:52;Create;C:/Users/danie/Desktop/Projects/2. 2D Games/5. Space Monkey/Concept/scene.elementTable; OK 
﻿  2023-02-18 16:46:52;ACTION;End TUElementMgr::writeToVersionAuxFile (tuelementmgr.cpp,1978)
﻿  2023-02-18 16:46:52;ACTION;Start saveDrawings - delete drawings (tudrawinglist.cpp,692)
﻿  2023-02-18 16:46:52;ACTION;End saveDrawings - delete drawings (tudrawinglist.cpp,692)
﻿  2023-02-18 16:46:52;ACTION;Start saveDrawings - rename to temp name (tudrawinglist.cpp,726)
﻿  2023-02-18 16:46:52;ACTION;End saveDrawings - rename to temp name (tudrawinglist.cpp,726)
﻿  2023-02-18 16:46:52;ACTION;Start saveDrawings - rename to final name (tudrawinglist.cpp,754)
﻿  2023-02-18 16:46:52;ACTION;End saveDrawings - rename to final name (tudrawinglist.cpp,754)
﻿  2023-02-18 16:46:52;ACTION;Start saveDrawings - copy all drawings from temp to project (tudrawinglist.cpp,792)
﻿    2023-02-18 16:46:52;Create;C:/Users/danie/AppData/Local/Temp/ToonBoomSessionTempDir/7752; OK 
﻿    2023-02-18 16:46:52;Create;C:/Users/danie/AppData/Local/Temp/ToonBoomSessionTempDir/7752/elements; OK 
﻿    2023-02-18 16:46:52;Create;C:/Users/danie/AppData/Local/Temp/ToonBoomSessionTempDir/7752/palette-library; OK 
﻿    2023-02-18 16:46:52;Create;C:/Users/danie/AppData/Local/Temp/ToonBoomSessionTempDir/7752/elements/1.e; OK 
﻿    2023-02-18 16:46:52;Create;C:/Users/danie/AppData/Local/Temp/ToonBoomSessionTempDir/7752/elements/1.d; OK 
﻿  2023-02-18 16:46:52;ACTION;End saveDrawings - copy all drawings from temp to project (tudrawinglist.cpp,792)
﻿  2023-02-18 16:46:52;ACTION;Start saveDrawings - save all modified drawings in memory (tudrawinglist.cpp,850)
﻿    2023-02-18 16:46:52;Create;C:/Users/danie/Desktop/Projects/2. 2D Games/5. Space Monkey/Concept/elements/Draw/Draw-6.tvg+; OK 
﻿    2023-02-18 16:46:52;Rename;C:/Users/danie/Desktop/Projects/2. 2D Games/5. Space Monkey/Concept/elements/Draw/Draw-6.tvg+;Draw-6.tvg OK 
﻿  2023-02-18 16:46:52;ACTION;End saveDrawings - save all modified drawings in memory (tudrawinglist.cpp,850)
﻿  2023-02-18 16:46:52;ACTION;Start saveProject (SC_SaveUtil.cpp,380)
﻿    2023-02-18 16:46:52;Create;C:/Users/danie/Desktop/Projects/2. 2D Games/5. Space Monkey/Concept/Concept.sboard+; OK 
﻿    2023-02-18 16:46:52;Rename;C:/Users/danie/Desktop/Projects/2. 2D Games/5. Space Monkey/Concept/Concept.sboard;C:/Users/danie/Desktop/Projects/2. 2D Games/5. Space Monkey/Concept/Concept.sboard~ OK 
﻿    2023-02-18 16:46:52;Rename;C:/Users/danie/Desktop/Projects/2. 2D Games/5. Space Monkey/Concept/Concept.sboard+;C:/Users/danie/Desktop/Projects/2. 2D Games/5. Space Monkey/Concept/Concept.sboard OK 
﻿    2023-02-18 16:46:52;ACTION;Start writeToVersionAuxFile (tuelementmgr.cpp,2434)
﻿      2023-02-18 16:46:52;ACTION;Start writeToVersionAuxFile (EM_XMLFileIO.cpp,307)
﻿        2023-02-18 16:46:52;Rename;C:/Users/danie/Desktop/Projects/2. 2D Games/5. Space Monkey/Concept/Concept.aux;C:/Users/danie/Desktop/Projects/2. 2D Games/5. Space Monkey/Concept/Concept.aux~ OK 
﻿        2023-02-18 16:46:52;Rename;C:/Users/danie/Desktop/Projects/2. 2D Games/5. Space Monkey/Concept/Concept.aux+;C:/Users/danie/Desktop/Projects/2. 2D Games/5. Space Monkey/Concept/Concept.aux OK 
﻿      2023-02-18 16:46:52;ACTION;End writeToVersionAuxFile (EM_XMLFileIO.cpp,307)
﻿    2023-02-18 16:46:52;ACTION;End writeToVersionAuxFile (tuelementmgr.cpp,2434)
﻿  2023-02-18 16:46:52;ACTION;End saveProject (SC_SaveUtil.cpp,380)
﻿  2023-02-18 16:46:52;ACTION;Start writeToDrawingVersionAuxFile (EM_XMLFileIO.cpp,454)
﻿  2023-02-18 16:46:52;ACTION;End writeToDrawingVersionAuxFile (EM_XMLFileIO.cpp,454)
﻿  2023-02-18 16:46:52;Create;C:/Users/danie/Desktop/Projects/2. 2D Games/5. Space Monkey/Concept/Concept.sboard.thumbnails; OK 
﻿2023-02-18 16:46:52;ACTION;End Saving project
﻿2023-02-18 16:49:21;ACTION;begin accum Edit Project Field (CO_CommandManager.cpp,240)
﻿2023-02-18 16:49:21;ACTION;end accum (CO_CommandManager.cpp,454)
﻿2023-02-18 16:49:53;ACTION;begin accum Edit Project Field (CO_CommandManager.cpp,240)
﻿2023-02-18 16:49:53;ACTION;end accum (CO_CommandManager.cpp,454)
﻿2023-02-18 16:49:53;ACTION;Start Saving project
﻿  2023-02-18 16:49:53;ACTION;Start isSaveProjectPossible (SC_SaveUtil.cpp,225)
﻿    2023-02-18 16:49:53;Create;C:/Users/danie/Desktop/Projects/2. 2D Games/5. Space Monkey/Concept/Concept.sboard+; OK 
﻿    2023-02-18 16:49:53;Delete;C:/Users/danie/Desktop/Projects/2. 2D Games/5. Space Monkey/Concept/Concept.sboard+; OK 
﻿  2023-02-18 16:49:53;ACTION;End isSaveProjectPossible (SC_SaveUtil.cpp,225)
﻿  2023-02-18 16:49:53;ACTION;Start isSaveProjectPossible (SC_SaveUtil.cpp,225)
﻿    2023-02-18 16:49:53;Create;C:/Users/danie/Desktop/Projects/2. 2D Games/5. Space Monkey/Concept/Concept.sboard+; OK 
﻿    2023-02-18 16:49:53;Delete;C:/Users/danie/Desktop/Projects/2. 2D Games/5. Space Monkey/Concept/Concept.sboard+; OK 
﻿  2023-02-18 16:49:53;ACTION;End isSaveProjectPossible (SC_SaveUtil.cpp,225)
﻿  2023-02-18 16:49:53;ACTION;Start TUElementMgr::writeToVersionAuxFile (tuelementmgr.cpp,1978)
﻿    2023-02-18 16:49:53;Create;C:/Users/danie/Desktop/Projects/2. 2D Games/5. Space Monkey/Concept/scene.elementTable; OK 
﻿  2023-02-18 16:49:53;ACTION;End TUElementMgr::writeToVersionAuxFile (tuelementmgr.cpp,1978)
﻿  2023-02-18 16:49:53;ACTION;Start saveDrawings - delete drawings (tudrawinglist.cpp,692)
﻿  2023-02-18 16:49:53;ACTION;End saveDrawings - delete drawings (tudrawinglist.cpp,692)
﻿  2023-02-18 16:49:53;ACTION;Start saveDrawings - rename to temp name (tudrawinglist.cpp,726)
﻿  2023-02-18 16:49:53;ACTION;End saveDrawings - rename to temp name (tudrawinglist.cpp,726)
﻿  2023-02-18 16:49:53;ACTION;Start saveDrawings - rename to final name (tudrawinglist.cpp,754)
﻿  2023-02-18 16:49:53;ACTION;End saveDrawings - rename to final name (tudrawinglist.cpp,754)
﻿  2023-02-18 16:49:53;ACTION;Start saveDrawings - copy all drawings from temp to project (tudrawinglist.cpp,792)
﻿  2023-02-18 16:49:53;ACTION;End saveDrawings - copy all drawings from temp to project (tudrawinglist.cpp,792)
﻿  2023-02-18 16:49:53;ACTION;Start saveDrawings - save all modified drawings in memory (tudrawinglist.cpp,850)
﻿  2023-02-18 16:49:53;ACTION;End saveDrawings - save all modified drawings in memory (tudrawinglist.cpp,850)
﻿  2023-02-18 16:49:53;ACTION;Start saveProject (SC_SaveUtil.cpp,380)
﻿    2023-02-18 16:49:53;Create;C:/Users/danie/Desktop/Projects/2. 2D Games/5. Space Monkey/Concept/Concept.sboard+; OK 
﻿    2023-02-18 16:49:53;Rename;C:/Users/danie/Desktop/Projects/2. 2D Games/5. Space Monkey/Concept/Concept.sboard;C:/Users/danie/Desktop/Projects/2. 2D Games/5. Space Monkey/Concept/Concept.sboard~ OK 
﻿    2023-02-18 16:49:53;Rename;C:/Users/danie/Desktop/Projects/2. 2D Games/5. Space Monkey/Concept/Concept.sboard+;C:/Users/danie/Desktop/Projects/2. 2D Games/5. Space Monkey/Concept/Concept.sboard OK 
﻿    2023-02-18 16:49:53;ACTION;Start writeToVersionAuxFile (tuelementmgr.cpp,2434)
﻿      2023-02-18 16:49:53;ACTION;Start writeToVersionAuxFile (EM_XMLFileIO.cpp,307)
﻿        2023-02-18 16:49:53;Rename;C:/Users/danie/Desktop/Projects/2. 2D Games/5. Space Monkey/Concept/Concept.aux;C:/Users/danie/Desktop/Projects/2. 2D Games/5. Space Monkey/Concept/Concept.aux~ OK 
﻿        2023-02-18 16:49:53;Rename;C:/Users/danie/Desktop/Projects/2. 2D Games/5. Space Monkey/Concept/Concept.aux+;C:/Users/danie/Desktop/Projects/2. 2D Games/5. Space Monkey/Concept/Concept.aux OK 
﻿      2023-02-18 16:49:53;ACTION;End writeToVersionAuxFile (EM_XMLFileIO.cpp,307)
﻿    2023-02-18 16:49:53;ACTION;End writeToVersionAuxFile (tuelementmgr.cpp,2434)
﻿  2023-02-18 16:49:53;ACTION;End saveProject (SC_SaveUtil.cpp,380)
﻿  2023-02-18 16:49:53;ACTION;Start writeToDrawingVersionAuxFile (EM_XMLFileIO.cpp,454)
﻿  2023-02-18 16:49:53;ACTION;End writeToDrawingVersionAuxFile (EM_XMLFileIO.cpp,454)
﻿  2023-02-18 16:49:53;Create;C:/Users/danie/Desktop/Projects/2. 2D Games/5. Space Monkey/Concept/Concept.sboard.thumbnails; OK 
﻿2023-02-18 16:49:53;ACTION;End Saving project
﻿2023-02-18 16:49:56;ACTION;Start Closing project
﻿  2023-02-18 16:49:56;Delete;C:/Users/danie/Desktop/Projects/2. 2D Games/5. Space Monkey/Concept/Concept.sboard.lock; OK 
